<?xml version="1.0" encoding="UTF-8"?>
<!-- Generated by org.testng.reporters.JUnitXMLReporter -->
<testsuite hostname="DESKTOP-HD6R10L" name="Sample test" tests="4" failures="0" timestamp="17 Apr 2017 11:43:31 GMT" time="17.39" errors="0">
  <testcase name="checkTitle" time="8.168" classname="com.bitm.newtours.test.HomeTest"/>
  <testcase name="checkLogin" time="2.811" classname="com.bitm.newtours.test.HomeTest"/>
  <testcase name="checkTitle" time="3.164" classname="com.bitm.newtours.test.FindFlightTest"/>
  <testcase name="checkFlightDetails" time="2.578" classname="com.bitm.newtours.test.FindFlightTest"/>
</testsuite> <!-- Sample test -->
