<?xml version="1.0" encoding="UTF-8"?>
<!-- Generated by org.testng.reporters.JUnitXMLReporter -->
<testsuite hostname="DESKTOP-HD6R10L" name="Sample test" tests="6" failures="0" timestamp="17 Apr 2017 12:41:25 GMT" time="19.179" errors="0">
  <testcase name="checkHomePageTitle" time="9.545" classname="com.bitm.newtours.test.HomeTest"/>
  <testcase name="checkLogin" time="2.546" classname="com.bitm.newtours.test.HomeTest"/>
  <testcase name="checkFlightFindPageTitle" time="3.212" classname="com.bitm.newtours.test.FindFlightTest"/>
  <testcase name="checkFlightDetails" time="2.501" classname="com.bitm.newtours.test.FindFlightTest"/>
  <testcase name="checkSelectFlightPageTitle" time="0.588" classname="com.bitm.newtours.test.SelectFlightTest"/>
  <testcase name="checkSelectFlight" time="0.097" classname="com.bitm.newtours.test.SelectFlightTest"/>
</testsuite> <!-- Sample test -->
