<?xml version="1.0" encoding="UTF-8"?>
<!-- Generated by org.testng.reporters.JUnitXMLReporter -->
<testsuite hostname="DESKTOP-HD6R10L" name="Complete NewTours Site Test" tests="8" failures="0" timestamp="10 May 2017 11:42:36 GMT" time="74.692" errors="0">
  <testcase name="checkHomePageTitle" time="44.202" classname="com.bitm.newtours.test.HomeTest"/>
  <testcase name="checkLogin" time="10.225" classname="com.bitm.newtours.test.HomeTest"/>
  <testcase name="checkFlightFindPageTitle" time="5.51" classname="com.bitm.newtours.test.FindFlightTest"/>
  <testcase name="checkFlightDetails" time="5.1" classname="com.bitm.newtours.test.FindFlightTest"/>
  <testcase name="checkSelectFlightPageTitle" time="1.732" classname="com.bitm.newtours.test.SelectFlightTest"/>
  <testcase name="checkSelectFlight" time="0.481" classname="com.bitm.newtours.test.SelectFlightTest"/>
  <testcase name="checkBookFlightPageTitle" time="2.333" classname="com.bitm.newtours.test.BookFlightTest"/>
  <testcase name="checkBookFlight" time="1.726" classname="com.bitm.newtours.test.BookFlightTest"/>
</testsuite> <!-- Complete NewTours Site Test -->
