<?xml version="1.0" encoding="UTF-8"?>
<!-- Generated by org.testng.reporters.JUnitXMLReporter -->
<testsuite hostname="DESKTOP-HD6R10L" name="Complete NewTours Site Test" tests="8" failures="0" timestamp="18 Apr 2017 13:49:20 GMT" time="20.322" errors="0">
  <testcase name="checkHomePageTitle" time="7.8" classname="com.bitm.newtours.test.HomeTest"/>
  <testcase name="checkLogin" time="3.507" classname="com.bitm.newtours.test.HomeTest"/>
  <testcase name="checkFlightFindPageTitle" time="3.204" classname="com.bitm.newtours.test.FindFlightTest"/>
  <testcase name="checkFlightDetails" time="2.755" classname="com.bitm.newtours.test.FindFlightTest"/>
  <testcase name="checkSelectFlightPageTitle" time="0.558" classname="com.bitm.newtours.test.SelectFlightTest"/>
  <testcase name="checkSelectFlight" time="0.129" classname="com.bitm.newtours.test.SelectFlightTest"/>
  <testcase name="checkBookFlightPageTitle" time="0.567" classname="com.bitm.newtours.test.BookFlightTest"/>
  <testcase name="checkBookFlight" time="1.054" classname="com.bitm.newtours.test.BookFlightTest"/>
</testsuite> <!-- Complete NewTours Site Test -->
