<?xml version="1.0" encoding="UTF-8"?>
<testng-results skipped="0" failed="0" total="8" passed="8">
  <reporter-output>
  </reporter-output>
  <suite name="Test Newtours Site" duration-ms="20322" started-at="2017-04-18T13:49:00Z" finished-at="2017-04-18T13:49:20Z">
    <groups>
    </groups>
    <test name="Complete NewTours Site Test" duration-ms="20322" started-at="2017-04-18T13:49:00Z" finished-at="2017-04-18T13:49:20Z">
      <class name="com.bitm.newtours.test.SelectFlightTest">
        <test-method status="PASS" signature="checkSelectFlightPageTitle()[pri:0, instance:com.bitm.newtours.test.SelectFlightTest@28d25987]" name="checkSelectFlightPageTitle" duration-ms="558" started-at="2017-04-18T19:49:18Z" finished-at="2017-04-18T19:49:18Z">
          <reporter-output>
          </reporter-output>
        </test-method> <!-- checkSelectFlightPageTitle -->
        <test-method status="PASS" signature="checkSelectFlight()[pri:0, instance:com.bitm.newtours.test.SelectFlightTest@28d25987]" name="checkSelectFlight" duration-ms="129" started-at="2017-04-18T19:49:18Z" finished-at="2017-04-18T19:49:18Z">
          <reporter-output>
          </reporter-output>
        </test-method> <!-- checkSelectFlight -->
      </class> <!-- com.bitm.newtours.test.SelectFlightTest -->
      <class name="com.bitm.newtours.test.BookFlightTest">
        <test-method status="PASS" signature="checkBookFlightPageTitle()[pri:0, instance:com.bitm.newtours.test.BookFlightTest@6767c1fc]" name="checkBookFlightPageTitle" duration-ms="567" started-at="2017-04-18T19:49:18Z" finished-at="2017-04-18T19:49:19Z">
          <reporter-output>
          </reporter-output>
        </test-method> <!-- checkBookFlightPageTitle -->
        <test-method status="PASS" signature="checkBookFlight(java.util.List)[pri:0, instance:com.bitm.newtours.test.BookFlightTest@6767c1fc]" name="checkBookFlight" duration-ms="1054" started-at="2017-04-18T19:49:19Z" data-provider="BookFlightData" finished-at="2017-04-18T19:49:20Z">
          <params>
            <param index="0">
              <value>
                <![CDATA[[BookFlight [passenger1Fname=Imran, passenger1Lname=Hassan,passenger2Fname=Tasrifa,passenger2Lname=Pomy,ccCardType=BA,ccNumber=123456789,ccExpMonth=null,ccExpYear=null,ccFname=Imran,ccMiddleName=Hassan,ccLastName=Aiub,billingAddress=Adabor,billingCity=Dhaka,billingState=Adabor,billingPostalCode=1207,billingCountry=200]]]]>
              </value>
            </param>
          </params>
          <reporter-output>
          </reporter-output>
        </test-method> <!-- checkBookFlight -->
      </class> <!-- com.bitm.newtours.test.BookFlightTest -->
      <class name="com.bitm.newtours.test.FindFlightTest">
        <test-method status="PASS" signature="checkFlightFindPageTitle()[pri:0, instance:com.bitm.newtours.test.FindFlightTest@29774679]" name="checkFlightFindPageTitle" duration-ms="3204" started-at="2017-04-18T19:49:12Z" finished-at="2017-04-18T19:49:15Z">
          <reporter-output>
          </reporter-output>
        </test-method> <!-- checkFlightFindPageTitle -->
        <test-method status="PASS" signature="checkFlightDetails(java.util.List)[pri:0, instance:com.bitm.newtours.test.FindFlightTest@29774679]" name="checkFlightDetails" duration-ms="2755" started-at="2017-04-18T19:49:15Z" data-provider="FlightFindData" finished-at="2017-04-18T19:49:18Z">
          <params>
            <param index="0">
              <value>
                <![CDATA[[FlightFinder [passengers=2, departingFrom=London,departingOnMonth=4,departingOnMonth=4,departingOnDate=20,arrivingIn=Paris,returningMonth=4,returningDate=25,serviceClass=null,airlinePreference=null]]]]>
              </value>
            </param>
          </params>
          <reporter-output>
          </reporter-output>
        </test-method> <!-- checkFlightDetails -->
      </class> <!-- com.bitm.newtours.test.FindFlightTest -->
      <class name="com.bitm.newtours.test.HomeTest">
        <test-method status="PASS" signature="checkHomePageTitle()[pri:0, instance:com.bitm.newtours.test.HomeTest@523884b2]" name="checkHomePageTitle" duration-ms="7800" started-at="2017-04-18T19:49:00Z" finished-at="2017-04-18T19:49:07Z">
          <reporter-output>
          </reporter-output>
        </test-method> <!-- checkHomePageTitle -->
        <test-method status="PASS" signature="checkLogin(java.util.List)[pri:0, instance:com.bitm.newtours.test.HomeTest@523884b2]" name="checkLogin" duration-ms="3507" started-at="2017-04-18T19:49:08Z" data-provider="loginData" finished-at="2017-04-18T19:49:12Z">
          <params>
            <param index="0">
              <value>
                <![CDATA[[Login [userName=demo, password=demo]]]]>
              </value>
            </param>
          </params>
          <reporter-output>
          </reporter-output>
        </test-method> <!-- checkLogin -->
      </class> <!-- com.bitm.newtours.test.HomeTest -->
    </test> <!-- Complete NewTours Site Test -->
  </suite> <!-- Test Newtours Site -->
</testng-results>
