<?xml version="1.0" encoding="UTF-8"?>
<testng-results skipped="0" failed="0" total="4" passed="4">
  <reporter-output>
  </reporter-output>
  <suite name="Sample test Suite" duration-ms="17390" started-at="2017-04-17T11:43:14Z" finished-at="2017-04-17T11:43:31Z">
    <groups>
    </groups>
    <test name="Sample test" duration-ms="17390" started-at="2017-04-17T11:43:14Z" finished-at="2017-04-17T11:43:31Z">
      <class name="com.bitm.newtours.test.FindFlightTest">
        <test-method status="PASS" signature="checkTitle()[pri:0, instance:com.bitm.newtours.test.FindFlightTest@59fa1d9b]" name="checkTitle" duration-ms="3164" started-at="2017-04-17T17:43:25Z" finished-at="2017-04-17T17:43:28Z">
          <reporter-output>
          </reporter-output>
        </test-method> <!-- checkTitle -->
        <test-method status="PASS" signature="checkFlightDetails(java.util.List)[pri:0, instance:com.bitm.newtours.test.FindFlightTest@59fa1d9b]" name="checkFlightDetails" duration-ms="2578" started-at="2017-04-17T17:43:28Z" data-provider="FlightFindData" finished-at="2017-04-17T17:43:31Z">
          <params>
            <param index="0">
              <value>
                <![CDATA[[FlightFinder [passengers=2, departingFrom=London,departingOnMonth=4,departingOnMonth=4,departingOnDate=20,arrivingIn=Paris,returningMonth=4,returningDate=25,serviceClass=null,airlinePreference=null]]]]>
              </value>
            </param>
          </params>
          <reporter-output>
          </reporter-output>
        </test-method> <!-- checkFlightDetails -->
      </class> <!-- com.bitm.newtours.test.FindFlightTest -->
      <class name="com.bitm.newtours.test.HomeTest">
        <test-method status="PASS" signature="checkTitle()[pri:0, instance:com.bitm.newtours.test.HomeTest@724af044]" name="checkTitle" duration-ms="8168" started-at="2017-04-17T17:43:14Z" finished-at="2017-04-17T17:43:22Z">
          <reporter-output>
          </reporter-output>
        </test-method> <!-- checkTitle -->
        <test-method status="PASS" signature="checkLogin(java.util.List)[pri:0, instance:com.bitm.newtours.test.HomeTest@724af044]" name="checkLogin" duration-ms="2811" started-at="2017-04-17T17:43:22Z" data-provider="loginData" finished-at="2017-04-17T17:43:25Z">
          <params>
            <param index="0">
              <value>
                <![CDATA[[Login [userName=demo, password=demo]]]]>
              </value>
            </param>
          </params>
          <reporter-output>
          </reporter-output>
        </test-method> <!-- checkLogin -->
      </class> <!-- com.bitm.newtours.test.HomeTest -->
    </test> <!-- Sample test -->
  </suite> <!-- Sample test Suite -->
</testng-results>
